C51 COMPILER V9.52.0.0   MAIN                                                              11/22/2017 18:25:47 PAGE 1   


C51 COMPILER V9.52.0.0, COMPILATION OF MODULE MAIN
OBJECT MODULE PLACED IN main.OBJ
COMPILER INVOKED BY: C:\Keil\C51\BIN\C51.EXE main.c BROWSE DEBUG OBJECTEXTEND TABS(2)

line level    source

   1          #include <W78E054_052D.H>
   2          #define  sol_out  P15  //輸出
   3          #define  start_pb  P17 //啟動
   4          #define  sol_in  P11   //電磁閥信號
   5          #define  lack_snr  P10   //送料檢知
   6          #define  error_lack_snr  P12
   7          unsigned int;
   8          int buffer;
   9          char DATA_7SEG[10];
  10          int (Autoflow);
  11          int (set_Value);
  12          int (isScrewInTube);
  13          int (isScrewInClip);
  14          int (lackCounter);
  15          //void delay10ms(int t);
  16          void delay_1s();
  17          void dataChange(void);
  18          //void delay(unsigned int value);
  19          /*****************************/
  20          void main(void)
  21          {
  22   1        P0UPR=1;
  23   1        buffer=0;
  24   1        Autoflow=0;
  25   1        sol_out=0;
  26   1        isScrewInClip=1;
  27   1        error_lack_snr=0;
  28   1        isScrewInTube=1;
  29   1        lackCounter=0;
  30   1        while(1)
  31   1        { 
  32   2        if(start_pb==0)
  33   2        {
  34   3        isScrewInClip=1;
  35   3        error_lack_snr=0;
  36   3        } 
  37   2        if(P2==0xff) set_Value=0; 
  38   2        if(P2==0xfe) set_Value=1;
  39   2        if(P2==0xfd) set_Value=2;
  40   2        if(P2==0xfc) set_Value=3;
  41   2        if(P2==0xfb) set_Value=4;
  42   2        if(P2==0xfa) set_Value=5;
  43   2        if(P2==0xf9) set_Value=6;
  44   2        if(P2==0xf8) set_Value=7;
  45   2        if(P2==0xf7) set_Value=8;
  46   2        if(P2==0xf6) set_Value=9;
  47   2        if(buffer==0)P0=0x3f; 
  48   2        if(buffer==1)P0=0x06; 
  49   2        if(buffer==2)P0=0x5b; 
  50   2        if(buffer==3)P0=0x4f; 
  51   2        if(buffer==4)P0=0x66;   
  52   2        if(buffer==5)P0=0x6d; 
  53   2        if(buffer==6)P0=0x7d; 
  54   2        if(buffer==7)P0=0x07;
  55   2        if(buffer==8)P0=0x7f; 
C51 COMPILER V9.52.0.0   MAIN                                                              11/22/2017 18:25:47 PAGE 2   

  56   2        if(buffer==9)P0=0x6f; 
  57   2        if(Autoflow==0)   //POWER_ON
  58   2        { 
  59   3          sol_out=0;  
  60   3        } 
  61   2        if(Autoflow==0 && sol_out==0)   //idle
  62   2        { 
  63   3          Autoflow=1;
  64   3        }
  65   2        /*送料啟動=2*/
  66   2        if(Autoflow==1 && start_pb==0 && sol_out==0) 
  67   2          {
  68   3              Autoflow=2;
  69   3              buffer=0;
  70   3          }
  71   2      /*螺絲檢查=3*/
  72   2        if(Autoflow==2)   
  73   2        {
  74   3          Autoflow=3;
  75   3        }
  76   2        /*缺螺絲異常=13*/
  77   2      if(isScrewInClip==0 && Autoflow==3 )    
  78   2        {
  79   3          error_lack_snr=1;
  80   3          Autoflow=1;
  81   3        }
  82   2        else if( Autoflow==3 && isScrewInClip==1 )    /*缺螺絲無異常=4*/
  83   2         {
  84   3          Autoflow=4;
  85   3         }
  86   2        /*檢查是否完成=5*/
  87   2          if(Autoflow==4) 
  88   2          {
  89   3            Autoflow=5; 
  90   3          }
  91   2        /*未完成=6*/
  92   2        if(Autoflow==5 && buffer<set_Value)
  93   2          {
  94   3               Autoflow=6;  
  95   3           }
  96   2         /*已完成回idle*/
  97   2          else if(Autoflow==5 && buffer>=set_Value)
  98   2            {
  99   3             Autoflow=1;
 100   3            }
 101   2        /*未完成輸出送料信號ON*/
 102   2        if(Autoflow==6)
 103   2        {
 104   3          sol_out=1;
 105   3        }
 106   2        /*輸出送料信號OFF=7*/
 107   2        if(Autoflow==6 && sol_out==1)
 108   2        {
 109   3          dataChange();
 110   3          delay_1s();
 111   3          Autoflow=7;
 112   3        }
 113   2        if(Autoflow==7)    
 114   2        {
 115   3          sol_out=0;
 116   3        }
 117   2        /*送料料中=8*/
C51 COMPILER V9.52.0.0   MAIN                                                              11/22/2017 18:25:47 PAGE 3   

 118   2        if(Autoflow==7 && sol_out==0)    
 119   2        {
 120   3          Autoflow=8;
 121   3        }
 122   2        /*送料料完成=9*/
 123   2        if(Autoflow==8 && sol_in==0 )
 124   2          {
 125   3            Autoflow=9;
 126   3          }
 127   2        /*缺螺絲檢查=1*/
 128   2        if(Autoflow==9 && isScrewInTube==1 )//當檢知動作時
 129   2        {
 130   3          lackCounter=0;
 131   3          Autoflow=10;
 132   3        }
 133   2        if(Autoflow==9 && isScrewInTube==0 && sol_in==1 )
 134   2         {
 135   3           lackCounter++;
 136   3         }
 137   2        if(lackCounter>3000)
 138   2          {  
 139   3            Autoflow=10;
 140   3           }
 141   2        /*送料料完成+1=11*/
 142   2         if(Autoflow==10 && sol_in==1 && sol_out==0)
 143   2         {    
 144   3            Autoflow=11;  
 145   3           lackCounter=0;
 146   3           buffer++;
 147   3          }
 148   2        if(Autoflow==11)
 149   2        {
 150   3          Autoflow=3;
 151   3        }
 152   2        /*入料檢查*/
 153   2        if (lack_snr==0)
 154   2        {
 155   3          isScrewInTube=1;
 156   3        }
 157   2       }
 158   1      }
 159          /********************************/
 160          /*顯示器字形資料*/
 161          char DATA_7SEG[10]=
 162          { 
 163          0x3f,   //0 
 164          0x06,   //1
 165          0x5b,   //2
 166          0x4f,   //3
 167          0x66,   //4
 168          0x6d,   //5
 169          0x7d,   //6
 170          0x07,   //7
 171          0x7f,   //8
 172          0x6f    //9
 173          };  
 174          /*----------------------------------------*/
 175          
 176          //void delay10ms(int t)
 177          //{
 178          //  int i;
 179          //   for(i=0;i<t;i++);
C51 COMPILER V9.52.0.0   MAIN                                                              11/22/2017 18:25:47 PAGE 4   

 180          //}
 181          /*----------------------------------------*/
 182          // 10us delay time
 183          //void delay(unsigned int value)
 184          // {
 185          //   while(value > 0)
 186          //     value --;
 187           //}
 188            
 189          /*******************************/
 190          void delay_1s()
 191          { 
 192   1        int i;
 193   1       TMOD = 0x01; 
 194   1       for(i=0;i<20;i++) 
 195   1       {
 196   2       TH0 = (65536-50000) / 256; 
 197   2       TL0 = (65536-50000) % 256;
 198   2       TR0 = 1; 
 199   2       while(TF0 == 0); 
 200   2       TF0 = 0; 
 201   2       TR0 = 0;
 202   2       }
 203   1      } 
 204          /************************************************************
 205          **Feed Screw Check
 206          *************************************************************/
 207          void dataChange(void)
 208          {
 209   1        isScrewInClip=isScrewInTube;
 210   1        isScrewInTube=0;
 211   1      }
 212          
 213          /************************************************************
 214          **
 215          *************************************************************/


MODULE INFORMATION:   STATIC OVERLAYABLE
   CODE SIZE        =    685    ----
   CONSTANT SIZE    =   ----    ----
   XDATA SIZE       =   ----    ----
   PDATA SIZE       =   ----    ----
   DATA SIZE        =     22    ----
   IDATA SIZE       =   ----    ----
   BIT SIZE         =   ----    ----
END OF MODULE INFORMATION.


C51 COMPILATION COMPLETE.  0 WARNING(S),  0 ERROR(S)
