C:\Users\user\Desktop\14-1206-1_三軸伺服螺絲機(台全)(STANLEY)\電路圖\14-1206E-01.dwg,模型,2015/1/16 下午 01:56:38,user,HP LaserJet 400 MFP M425 PCL 6,A4,1:1.01232,
C:\Users\user\Desktop\14-1206-1_三軸伺服螺絲機(台全)(STANLEY)\電路圖\14-1206E-02.dwg,模型,2015/1/16 下午 01:57:02,user,HP LaserJet 400 MFP M425 PCL 6,A4,1:1.01232,
C:\Users\user\Desktop\14-1206-1_三軸伺服螺絲機(台全)(STANLEY)\電路圖\14-1206E-03.dwg,模型,2015/1/16 下午 01:57:39,user,HP LaserJet 400 MFP M425 PCL 6,A4,1:1.01232,
C:\Users\user\Desktop\14-1206-1_三軸伺服螺絲機(台全)(STANLEY)\電路圖\14-1206E-04.dwg,模型,2015/1/16 下午 01:58:00,user,HP LaserJet 400 MFP M425 PCL 6,A4,1:1.01232,
C:\Users\user\Desktop\14-1206-1_三軸伺服螺絲機(台全)(STANLEY)\電路圖\14-1206E-05.dwg,模型,2015/1/16 下午 01:58:09,user,HP LaserJet 400 MFP M425 PCL 6,A4,1:1.01232,
C:\Users\user\Desktop\14-1206-1_三軸伺服螺絲機(台全)(STANLEY)\電路圖\14-1206E-06.dwg,模型,2015/1/16 下午 01:58:19,user,HP LaserJet 400 MFP M425 PCL 6,A4,1:1.01232,
C:\Users\user\Desktop\14-1206-1_三軸伺服螺絲機(台全)(STANLEY)\電路圖\14-1206E-07.dwg,模型,2015/1/16 下午 01:58:28,user,HP LaserJet 400 MFP M425 PCL 6,A4,1:1.01232,
C:\Users\user\Desktop\14-1206-1_三軸伺服螺絲機(台全)(STANLEY)\電路圖\14-1206E-08.dwg,模型,2015/1/16 下午 01:58:39,user,HP LaserJet 400 MFP M425 PCL 6,A4,1:1.01238,
Z:\已完成工作\2014\14-1206-1_三軸伺服螺絲機(台全)(STANLEY)\電路圖\14-1206E-05.dwg,模型,2016/12/30 上午 08:13:25,WorkJack,FX DocuCentre-IV 2060 PCL 6,A4(210x297mm),1:1.01885,
Z:\已完成工作\2014\14-1206-1_三軸伺服螺絲機(台全)(STANLEY)\電路圖\14-1206E-08.dwg,模型,2016/12/30 上午 08:13:53,WorkJack,FX DocuCentre-IV 2060 PCL 6,A4(210x297mm),1:1.01891,
C:\Users\USER\Desktop\17-405_三軸伺服螺絲機(台全)(STANLEY)\電路圖\17-405E-12.dwg,模型,2017/6/6 下午 05:02:27,USER,FX DocuCentre-IV 2060 PCL 6,A4(210x297mm),1:1.01896,
C:\Users\USER\Desktop\17-405_三軸伺服螺絲機(台全)(STANLEY)\電路圖\17-405E-11.dwg,模型,2017/6/6 下午 05:02:39,USER,FX DocuCentre-IV 2060 PCL 6,A4(210x297mm),1:1.01896,
C:\Users\USER\Desktop\17-405_三軸伺服螺絲機(台全)(STANLEY)\電路圖\17-405E-10.dwg,模型,2017/6/6 下午 05:02:50,USER,FX DocuCentre-IV 2060 PCL 6,A4(210x297mm),1:1.01896,
C:\Users\USER\Desktop\17-405_三軸伺服螺絲機(台全)(STANLEY)\電路圖\17-405E-09.dwg,模型,2017/6/6 下午 05:02:59,USER,FX DocuCentre-IV 2060 PCL 6,A4(210x297mm),1:1.01885,
C:\Users\USER\Desktop\17-405_三軸伺服螺絲機(台全)(STANLEY)\電路圖\17-405E-08.dwg,模型,2017/6/6 下午 05:03:08,USER,FX DocuCentre-IV 2060 PCL 6,A4(210x297mm),1:1.01885,
C:\Users\USER\Desktop\17-405_三軸伺服螺絲機(台全)(STANLEY)\電路圖\17-405E-07.dwg,模型,2017/6/6 下午 05:03:17,USER,FX DocuCentre-IV 2060 PCL 6,A4(210x297mm),1:1.01885,
C:\Users\USER\Desktop\17-405_三軸伺服螺絲機(台全)(STANLEY)\電路圖\17-405E-06.dwg,模型,2017/6/6 下午 05:03:29,USER,FX DocuCentre-IV 2060 PCL 6,A4(210x297mm),1:1.01884,
C:\Users\USER\Desktop\17-405_三軸伺服螺絲機(台全)(STANLEY)\電路圖\17-405E-05.dwg,模型,2017/6/6 下午 05:03:39,USER,FX DocuCentre-IV 2060 PCL 6,A4(210x297mm),1:1.01885,
C:\Users\USER\Desktop\17-405_三軸伺服螺絲機(台全)(STANLEY)\電路圖\17-405E-04.dwg,模型,2017/6/6 下午 05:03:48,USER,FX DocuCentre-IV 2060 PCL 6,A4(210x297mm),1:1.01885,
C:\Users\USER\Desktop\17-405_三軸伺服螺絲機(台全)(STANLEY)\電路圖\17-405E-03.dwg,模型,2017/6/6 下午 05:04:00,USER,FX DocuCentre-IV 2060 PCL 6,A4(210x297mm),1:1.01885,
C:\Users\USER\Desktop\17-405_三軸伺服螺絲機(台全)(STANLEY)\電路圖\17-405E-02.dwg,模型,2017/6/6 下午 05:04:11,USER,FX DocuCentre-IV 2060 PCL 6,A4(210x297mm),1:1.01885,
C:\Users\USER\Desktop\17-405_三軸伺服螺絲機(台全)(STANLEY)\電路圖\17-405E-01.dwg,模型,2017/6/6 下午 05:04:20,USER,FX DocuCentre-IV 2060 PCL 6,A4(210x297mm),1:1.01885,
C:\Users\USER\Desktop\17-405_三軸伺服螺絲機(台全)(STANLEY)\電路圖\17-405E-02.dwg,模型,2017/6/7 上午 08:30:47,USER,FX DocuCentre-IV 2060 PCL 6,A4(210x297mm),1:1.01885,
C:\Users\USER\Desktop\17-405_三軸伺服螺絲機(台全)(STANLEY)\電路圖\17-405E-10.dwg,模型,2017/6/7 上午 08:31:20,USER,FX DocuCentre-IV 2060 PCL 6,A4(210x297mm),1:1.01899,
Z:\進行中工作\17-606_三軸伺服螺絲機(台全)(STANLEY伺服槍)\電路圖\17-606E-01.dwg,模型,2017/7/18 下午 02:57:13,WorkJack,FX DocuCentre-IV 2060 PCL 6,A4(210x297mm),1:1.01885,
Z:\進行中工作\17-606_三軸伺服螺絲機(台全)(STANLEY伺服槍)\電路圖\17-606E-02.dwg,模型,2017/7/18 下午 02:57:26,WorkJack,FX DocuCentre-IV 2060 PCL 6,A4(210x297mm),1:1.01885,
Z:\進行中工作\17-606_三軸伺服螺絲機(台全)(STANLEY伺服槍)\電路圖\17-606E-03.dwg,模型,2017/7/18 下午 02:57:40,WorkJack,FX DocuCentre-IV 2060 PCL 6,A4(210x297mm),1:1.01885,
Z:\進行中工作\17-606_三軸伺服螺絲機(台全)(STANLEY伺服槍)\電路圖\17-606E-04.dwg,模型,2017/7/18 下午 02:57:50,WorkJack,FX DocuCentre-IV 2060 PCL 6,A4(210x297mm),1:1.01885,
Z:\進行中工作\17-606_三軸伺服螺絲機(台全)(STANLEY伺服槍)\電路圖\17-606E-05.dwg,模型,2017/7/18 下午 02:58:05,WorkJack,FX DocuCentre-IV 2060 PCL 6,A4(210x297mm),1:1.01885,
Z:\進行中工作\17-606_三軸伺服螺絲機(台全)(STANLEY伺服槍)\電路圖\17-606E-06.dwg,模型,2017/7/18 下午 02:58:19,WorkJack,FX DocuCentre-IV 2060 PCL 6,A4(210x297mm),1:1.01887,
Z:\進行中工作\17-606_三軸伺服螺絲機(台全)(STANLEY伺服槍)\電路圖\17-606E-07.dwg,模型,2017/7/18 下午 02:58:31,WorkJack,FX DocuCentre-IV 2060 PCL 6,A4(210x297mm),1:1.01885,
Z:\進行中工作\17-606_三軸伺服螺絲機(台全)(STANLEY伺服槍)\電路圖\17-606E-08.dwg,模型,2017/7/18 下午 02:58:42,WorkJack,FX DocuCentre-IV 2060 PCL 6,A4(210x297mm),1:1.01885,
Z:\進行中工作\17-606_三軸伺服螺絲機(台全)(STANLEY伺服槍)\電路圖\17-606E-09.dwg,模型,2017/7/18 下午 02:58:52,WorkJack,FX DocuCentre-IV 2060 PCL 6,A4(210x297mm),1:1.01885,
Z:\進行中工作\17-606_三軸伺服螺絲機(台全)(STANLEY伺服槍)\電路圖\17-606E-10.dwg,模型,2017/7/18 下午 02:59:03,WorkJack,FX DocuCentre-IV 2060 PCL 6,A4(210x297mm),1:1.01896,
Z:\進行中工作\17-606_三軸伺服螺絲機(台全)(STANLEY伺服槍)\電路圖\17-606E-11.dwg,模型,2017/7/18 下午 02:59:14,WorkJack,FX DocuCentre-IV 2060 PCL 6,A4(210x297mm),1:1.01896,
Z:\進行中工作\17-606_三軸伺服螺絲機(台全)(STANLEY伺服槍)\電路圖\17-606E-12.dwg,模型,2017/7/18 下午 02:59:25,WorkJack,FX DocuCentre-IV 2060 PCL 6,A4(210x297mm),1:1.01896,
