C:\Users\elec-jack\Desktop\15-1201_三軸鎖螺絲機(下壓氣動滑牙浮鎖缺料)同15-704\電路圖\15-1201E-01.dwg,模型,2015/12/15 下午 01:53:52,elec-jack,FX DocuCentre-IV 2060 PCL 6,A4(210x297mm),1:1.01885,
C:\Users\elec-jack\Desktop\15-1201_三軸鎖螺絲機(下壓氣動滑牙浮鎖缺料)同15-704\電路圖\15-1201E-02.dwg,模型,2015/12/15 下午 01:53:58,elec-jack,FX DocuCentre-IV 2060 PCL 6,A4(210x297mm),1:1.01885,
C:\Users\elec-jack\Desktop\15-1201_三軸鎖螺絲機(下壓氣動滑牙浮鎖缺料)同15-704\電路圖\15-1201E-03.dwg,模型,2015/12/15 下午 01:54:03,elec-jack,FX DocuCentre-IV 2060 PCL 6,A4(210x297mm),1:1.01885,
C:\Users\elec-jack\Desktop\15-1201_三軸鎖螺絲機(下壓氣動滑牙浮鎖缺料)同15-704\電路圖\15-1201E-04.dwg,模型,2015/12/15 下午 01:54:08,elec-jack,FX DocuCentre-IV 2060 PCL 6,A4(210x297mm),1:1.01885,
C:\Users\USER\Desktop\16-903_三軸鎖螺絲機(下壓氣動滑牙浮鎖缺料)同15-704\電路圖\16-903E-01.dwg,模型,2016/9/20 上午 11:51:14,USER,FUJI XEROX DocuPrint M355 df,A4,1:1.02079,
C:\Users\USER\Desktop\16-903_三軸鎖螺絲機(下壓氣動滑牙浮鎖缺料)同15-704\電路圖\16-903E-02.dwg,模型,2016/9/20 上午 11:51:28,USER,FUJI XEROX DocuPrint M355 df,A4,1:1.02079,
C:\Users\USER\Desktop\16-903_三軸鎖螺絲機(下壓氣動滑牙浮鎖缺料)同15-704\電路圖\16-903E-03.dwg,模型,2016/9/20 上午 11:51:40,USER,FUJI XEROX DocuPrint M355 df,A4,1:1.02079,
C:\Users\USER\Desktop\16-903_三軸鎖螺絲機(下壓氣動滑牙浮鎖缺料)同15-704\電路圖\16-903E-04.dwg,模型,2016/9/20 上午 11:51:51,USER,FUJI XEROX DocuPrint M355 df,A4,1:1.02079,
C:\Users\USER\Desktop\16-903_三軸鎖螺絲機(下壓氣動滑牙浮鎖缺料)同15-704\電路圖\16-903E-02.dwg,模型,2016/9/20 下午 01:04:32,USER,FUJI XEROX DocuPrint M355 df,A4,1:1.02079,
C:\Users\USER\Desktop\16-903_三軸鎖螺絲機(下壓氣動滑牙浮鎖缺料)同15-704\電路圖\16-903E-03.dwg,模型,2016/9/20 下午 01:04:54,USER,FUJI XEROX DocuPrint M355 df,A4,1:1.02079,
C:\Users\USER\Desktop\16-903_三軸鎖螺絲機(下壓氣動滑牙浮鎖缺料)同15-704\電路圖\16-903E-04.dwg,模型,2016/9/20 下午 01:05:07,USER,FUJI XEROX DocuPrint M355 df,A4,1:1.02079,
C:\Users\USER\Desktop\16-1002_三軸鎖螺絲機(下壓氣動滑牙浮鎖缺料)同15-704\電路圖\16-1002E-01.dwg,模型,2016/10/17 上午 08:42:44,USER,FX DocuCentre-IV 2060 PCL 6,A4(210x297mm),1:1.01885,
C:\Users\USER\Desktop\16-1002_三軸鎖螺絲機(下壓氣動滑牙浮鎖缺料)同15-704\電路圖\16-1002E-02.dwg,模型,2016/10/17 上午 08:42:58,USER,FX DocuCentre-IV 2060 PCL 6,A4(210x297mm),1:1.01885,
C:\Users\USER\Desktop\16-1002_三軸鎖螺絲機(下壓氣動滑牙浮鎖缺料)同15-704\電路圖\16-1002E-03.dwg,模型,2016/10/17 上午 08:43:11,USER,FX DocuCentre-IV 2060 PCL 6,A4(210x297mm),1:1.01885,
C:\Users\USER\Desktop\16-1002_三軸鎖螺絲機(下壓氣動滑牙浮鎖缺料)同15-704\電路圖\16-1002E-04.dwg,模型,2016/10/17 上午 08:43:19,USER,FX DocuCentre-IV 2060 PCL 6,A4(210x297mm),1:1.01885,
C:\Users\USER\Desktop\電路圖\16-903E-01.dwg,模型,2016/11/3 下午 03:52:07,USER,FX DocuPrint P215 b XPS,A4(210x297mm),1:1.01777,
C:\Users\USER\Desktop\電路圖\16-903E-01.dwg,模型,2016/11/3 下午 03:59:38,USER,FUJI XEROX DocuPrint M355 df,A4,1:1.02079,
C:\Users\USER\Desktop\電路圖\16-903E-02.dwg,模型,2016/11/3 下午 04:05:32,USER,FUJI XEROX DocuPrint M355 df,A4,1:1.02079,
C:\Users\USER\Desktop\電路圖\16-903E-03.dwg,模型,2016/11/3 下午 04:06:01,USER,FUJI XEROX DocuPrint M355 df,A4,1:1.02079,
C:\Users\USER\Desktop\電路圖\16-903E-04.dwg,模型,2016/11/3 下午 04:06:23,USER,FUJI XEROX DocuPrint M355 df,A4,1:1.02079,
C:\Users\USER\Desktop\17_206四軸鎖螺絲機(下壓電動滑牙缺料)\電路圖\17-206E-01.dwg,模型,2017/3/15 上午 09:29:57,USER,FX DocuCentre-IV 2060 PCL 6,A4(210x297mm),1:1.01885,
C:\Users\USER\Desktop\17_206四軸鎖螺絲機(下壓電動滑牙缺料)\電路圖\17-206E-02.dwg,模型,2017/3/15 上午 09:30:08,USER,FX DocuCentre-IV 2060 PCL 6,A4(210x297mm),1:1.01885,
C:\Users\USER\Desktop\17_206四軸鎖螺絲機(下壓電動滑牙缺料)\電路圖\17-206E-03.dwg,模型,2017/3/15 上午 09:30:16,USER,FX DocuCentre-IV 2060 PCL 6,A4(210x297mm),1:1.01885,
C:\Users\USER\Desktop\17_206四軸鎖螺絲機(下壓電動滑牙缺料)\電路圖\17-206E-04.dwg,模型,2017/3/15 上午 09:30:25,USER,FX DocuCentre-IV 2060 PCL 6,A4(210x297mm),1:1.01885,
C:\Users\USER\Desktop\17_206四軸鎖螺絲機(下壓電動滑牙缺料)\電路圖\17-206E-05.dwg,模型,2017/3/15 上午 09:30:36,USER,FX DocuCentre-IV 2060 PCL 6,A4(210x297mm),1:1.01885,
\\192.168.2.10\電控\進行中工作\17-206四軸鎖螺絲機(下壓電動滑牙缺料)\電路圖\17-206E-01.dwg,模型,2017/3/29 上午 09:41:11,USER,FX DocuCentre-IV 2060 PCL 6,A4(210x297mm),1:1.01885,
